\BOOKMARK [1][-]{section.1}{\376\377\003\225\003\271\003\303\003\261\003\263\003\311\003\263\003\256}{}% 1
\BOOKMARK [2][-]{subsection.1.1}{\376\377\003\243\003\272\003\277\003\300\003\314\003\302\000\040\003\304\003\267\003\302\000\040\003\225\003\301\003\263\003\261\003\303\003\257\003\261\003\302}{section.1}% 2
\BOOKMARK [2][-]{subsection.1.2}{\376\377\003\244\003\271\000\040\003\265\003\257\003\275\003\261\003\271\000\040\003\277\000\040\003\232\003\261\003\270\003\261\003\301\003\271\003\303\003\274\003\314\003\302\000\040\003\224\003\265\003\264\003\277\003\274\003\255\003\275\003\311\003\275\000;}{section.1}% 3
\BOOKMARK [1][-]{section.2}{\376\377\003\240\003\265\003\301\003\271\003\263\003\301\003\261\003\306\003\256\000\040\003\224\003\265\003\264\003\277\003\274\003\255\003\275\003\311\003\275}{}% 4
\BOOKMARK [2][-]{subsection.2.1}{\376\377\003\234\003\265\003\304\003\261\003\262\003\273\003\267\003\304\003\255\003\302}{section.2}% 5
\BOOKMARK [1][-]{section.3}{\376\377\003\224\003\265\003\271\003\263\003\274\003\261\003\304\003\277\003\273\003\267\003\310\003\257\003\261}{}% 6
\BOOKMARK [1][-]{section.4}{\376\377\003\225\003\275\003\304\003\277\003\300\003\271\003\303\003\274\003\314\003\302\000\040\003\240\003\301\003\277\003\262\003\273\003\267\003\274\003\254\003\304\003\311\003\275}{}% 7
\BOOKMARK [2][-]{subsection.4.1}{\376\377\003\244\003\305\003\300\003\277\003\263\003\301\003\261\003\306\003\271\003\272\003\254\000\040\003\233\003\254\003\270\003\267\000\040\000\050\000w\000i\000n\000e\000\137\000t\000y\000p\000e\000\051}{section.4}% 8
\BOOKMARK [2][-]{subsection.4.2}{\376\377\003\234\003\267\000\040\003\221\003\301\003\271\003\270\003\274\003\267\003\304\003\271\003\272\003\255\003\302\000\040\003\244\003\271\003\274\003\255\003\302}{section.4}% 9
\BOOKMARK [2][-]{subsection.4.3}{\376\377\003\221\003\264\003\315\003\275\003\261\003\304\003\265\003\302\000\040\003\244\003\271\003\274\003\255\003\302}{section.4}% 10
\BOOKMARK [2][-]{subsection.4.4}{\376\377\003\224\003\271\003\300\003\273\003\277\003\265\003\263\003\263\003\301\003\261\003\306\003\255\003\302}{section.4}% 11
\BOOKMARK [2][-]{subsection.4.5}{\376\377\003\225\003\273\003\273\003\265\003\257\003\300\003\277\003\305\003\303\003\265\003\302\000\040\003\244\003\271\003\274\003\255\003\302\000\040\000\050\000M\000i\000s\000s\000i\000n\000g\000\040\000V\000a\000l\000u\000e\000s\000\051}{section.4}% 12
\BOOKMARK [1][-]{section.5}{\376\377\003\221\003\275\003\304\003\271\003\274\003\265\003\304\003\316\003\300\003\271\003\303\003\267\000\040\003\240\003\301\003\277\003\262\003\273\003\267\003\274\003\254\003\304\003\311\003\275}{}% 13
\BOOKMARK [2][-]{subsection.5.1}{\376\377\003\243\003\304\003\301\003\261\003\304\003\267\003\263\003\271\003\272\003\256\000\040\003\221\003\275\003\304\003\271\003\274\003\265\003\304\003\316\003\300\003\271\003\303\003\267\003\302}{section.5}% 14
\BOOKMARK [2][-]{subsection.5.2}{\376\377\003\224\003\271\003\314\003\301\003\270\003\311\003\303\003\267\000\040\003\244\003\305\003\300\003\277\003\263\003\301\003\261\003\306\003\271\003\272\003\316\003\275\000\040\003\233\003\261\003\270\003\316\003\275}{section.5}% 15
\BOOKMARK [2][-]{subsection.5.3}{\376\377\003\223\003\271\003\261\003\304\003\257\000\040\003\224\003\271\003\254\003\274\003\265\003\303\003\277\003\302\000\040\000\050\000M\000e\000d\000i\000a\000n\000\051\000\040\003\272\003\261\003\271\000\040\003\314\003\307\003\271\000\040\003\234\003\255\003\303\003\277\003\302\000\040\003\214\003\301\003\277\003\302\000;}{section.5}% 16
\BOOKMARK [2][-]{subsection.5.4}{\376\377\003\223\003\271\003\261\003\304\003\257\000\040\003\261\003\275\003\254\000\040\003\244\003\315\003\300\003\277\000\040\003\232\003\301\003\261\003\303\003\271\003\277\003\315\000;}{section.5}% 17
\BOOKMARK [1][-]{section.6}{\376\377\003\221\003\300\003\277\003\304\003\265\003\273\003\255\003\303\003\274\003\261\003\304\003\261}{}% 18
\BOOKMARK [2][-]{subsection.6.1}{\376\377\003\243\003\305\003\275\003\277\003\300\003\304\003\271\003\272\003\314\003\302\000\040\003\240\003\257\003\275\003\261\003\272\003\261\003\302\000\040\003\240\003\301\003\277\003\262\003\273\003\267\003\274\003\254\003\304\003\311\003\275}{section.6}% 19
\BOOKMARK [2][-]{subsection.6.2}{\376\377\003\225\003\276\003\255\003\273\003\271\003\276\003\267\000\040\003\234\003\265\003\263\003\255\003\270\003\277\003\305\003\302\000\040\000D\000a\000t\000a\000s\000e\000t}{section.6}% 20
\BOOKMARK [2][-]{subsection.6.3}{\376\377\003\232\003\261\003\304\003\261\003\275\003\277\003\274\003\256\000\040\003\244\003\265\003\273\003\271\003\272\003\277\003\315\000\040\000D\000a\000t\000a\000s\000e\000t}{section.6}% 21
\BOOKMARK [1][-]{section.7}{\376\377\003\243\003\305\003\274\003\300\003\265\003\301\003\254\003\303\003\274\003\261\003\304\003\261}{}% 22
\BOOKMARK [1][-]{appendix.Alph1}{\376\377\003\240\003\273\003\256\003\301\003\267\003\302\000\040\003\232\003\316\003\264\003\271\003\272\003\261\003\302\000\040\000P\000y\000t\000h\000o\000n}{}% 23
