\BOOKMARK [1][-]{section.1}{\376\377\003\225\003\271\003\303\003\261\003\263\003\311\003\263\003\256}{}% 1
\BOOKMARK [2][-]{subsection.1.1}{\376\377\003\243\003\272\003\277\003\300\003\314\003\302\000\040\003\304\003\267\003\302\000\040\003\225\003\301\003\263\003\261\003\303\003\257\003\261\003\302}{section.1}% 2
\BOOKMARK [2][-]{subsection.1.2}{\376\377\003\244\003\271\000\040\003\265\003\257\003\275\003\261\003\271\000\040\003\277\000\040\003\232\003\261\003\270\003\261\003\301\003\271\003\303\003\274\003\314\003\302\000\040\003\224\003\265\003\264\003\277\003\274\003\255\003\275\003\311\003\275\000;}{section.1}% 3
\BOOKMARK [2][-]{subsection.1.3}{\376\377\003\223\003\271\003\261\003\304\003\257\000\040\003\265\003\257\003\275\003\261\003\271\000\040\003\243\003\267\003\274\003\261\003\275\003\304\003\271\003\272\003\314\003\302\000\040\003\277\000\040\003\232\003\261\003\270\003\261\003\301\003\271\003\303\003\274\003\314\003\302\000\040\003\224\003\265\003\264\003\277\003\274\003\255\003\275\003\311\003\275\000;}{section.1}% 4
\BOOKMARK [1][-]{section.2}{\376\377\003\240\003\265\003\301\003\271\003\263\003\301\003\261\003\306\003\256\000\040\003\304\003\277\003\305\000\040\003\243\003\305\003\275\003\314\003\273\003\277\003\305\000\040\003\224\003\265\003\264\003\277\003\274\003\255\003\275\003\311\003\275}{}% 5
\BOOKMARK [2][-]{subsection.2.1}{\376\377\003\240\003\267\003\263\003\256\000\040\003\272\003\261\003\271\000\040\003\240\003\265\003\301\003\271\003\265\003\307\003\314\003\274\003\265\003\275\003\277}{section.2}% 6
\BOOKMARK [2][-]{subsection.2.2}{\376\377\003\234\003\265\003\304\003\261\003\262\003\273\003\267\003\304\003\255\003\302\000\040\003\304\003\277\003\305\000\040\000D\000a\000t\000a\000s\000e\000t}{section.2}% 7
\BOOKMARK [2][-]{subsection.2.3}{\376\377\003\221\003\301\003\307\003\271\003\272\003\255\003\302\000\040\003\224\003\271\003\261\003\303\003\304\003\254\003\303\003\265\003\271\003\302}{section.2}% 8
\BOOKMARK [1][-]{section.3}{\376\377\003\224\003\265\003\271\003\263\003\274\003\261\003\304\003\277\003\273\003\267\003\310\003\257\003\261\000\040\000\050\000S\000a\000m\000p\000l\000i\000n\000g\000\051}{}% 9
\BOOKMARK [2][-]{subsection.3.1}{\376\377\003\244\003\271\000\040\003\265\003\257\003\275\003\261\003\271\000\040\003\267\000\040\003\224\003\265\003\271\003\263\003\274\003\261\003\304\003\277\003\273\003\267\003\310\003\257\003\261\000;}{section.3}% 10
\BOOKMARK [2][-]{subsection.3.2}{\376\377\003\223\003\271\003\261\003\304\003\257\000\040\003\304\003\305\003\307\003\261\003\257\003\261\000\040\003\264\003\265\003\271\003\263\003\274\003\261\003\304\003\277\003\273\003\267\003\310\003\257\003\261\000;}{section.3}% 11
\BOOKMARK [2][-]{subsection.3.3}{\376\377\003\237\000\040\003\241\003\314\003\273\003\277\003\302\000\040\003\304\003\277\003\305\000\040\000S\000e\000e\000d\000\040\000\050\003\243\003\300\003\314\003\301\003\277\003\302\000\051}{section.3}% 12
\BOOKMARK [2][-]{subsection.3.4}{\376\377\003\245\003\273\003\277\003\300\003\277\003\257\003\267\003\303\003\267\000\040\003\303\003\304\003\267\003\275\000\040\000P\000y\000t\000h\000o\000n}{section.3}% 13
\BOOKMARK [2][-]{subsection.3.5}{\376\377\003\221\003\300\003\277\003\304\003\255\003\273\003\265\003\303\003\274\003\261\000\040\003\224\003\265\003\271\003\263\003\274\003\261\003\304\003\277\003\273\003\267\003\310\003\257\003\261\003\302}{section.3}% 14
\BOOKMARK [1][-]{section.4}{\376\377\003\225\003\275\003\304\003\277\003\300\003\271\003\303\003\274\003\314\003\302\000\040\003\240\003\301\003\277\003\262\003\273\003\267\003\274\003\254\003\304\003\311\003\275\000\040\003\303\003\304\003\261\000\040\003\224\003\265\003\264\003\277\003\274\003\255\003\275\003\261}{}% 15
\BOOKMARK [2][-]{subsection.4.1}{\376\377\003\232\003\261\003\304\003\267\003\263\003\277\003\301\003\257\003\261\000\040\0001\000:\000\040\003\244\003\305\003\300\003\277\003\263\003\301\003\261\003\306\003\271\003\272\003\254\000\040\003\233\003\254\003\270\003\267\000\040\003\303\003\304\003\267\000\040\003\243\003\304\003\256\003\273\003\267\000\040\000w\000i\000n\000e\000\137\000t\000y\000p\000e}{section.4}% 16
\BOOKMARK [3][-]{subsubsection.4.1.1}{\376\377\003\244\003\271\000\040\003\265\003\273\003\255\003\263\003\276\003\261\003\274\003\265}{subsection.4.1}% 17
\BOOKMARK [3][-]{subsubsection.4.1.2}{\376\377\003\244\003\271\000\040\003\262\003\301\003\256\003\272\003\261\003\274\003\265}{subsection.4.1}% 18
\BOOKMARK [2][-]{subsection.4.2}{\376\377\003\232\003\261\003\304\003\267\003\263\003\277\003\301\003\257\003\261\000\040\0002\000:\000\040\003\234\003\267\000\040\003\221\003\301\003\271\003\270\003\274\003\267\003\304\003\271\003\272\003\255\003\302\000\040\003\244\003\271\003\274\003\255\003\302\000\040\003\303\003\265\000\040\003\221\003\301\003\271\003\270\003\274\003\267\003\304\003\271\003\272\003\255\003\302\000\040\003\243\003\304\003\256\003\273\003\265\003\302}{section.4}% 19
\BOOKMARK [3][-]{subsubsection.4.2.1}{\376\377\003\244\003\271\000\040\003\265\003\273\003\255\003\263\003\276\003\261\003\274\003\265}{subsection.4.2}% 20
\BOOKMARK [3][-]{subsubsection.4.2.2}{\376\377\003\244\003\271\000\040\003\262\003\301\003\256\003\272\003\261\003\274\003\265}{subsection.4.2}% 21
\BOOKMARK [2][-]{subsection.4.3}{\376\377\003\232\003\261\003\304\003\267\003\263\003\277\003\301\003\257\003\261\000\040\0003\000:\000\040\003\221\003\264\003\315\003\275\003\261\003\304\003\265\003\302\000/\003\221\003\272\003\301\003\261\003\257\003\265\003\302\000\040\003\244\003\271\003\274\003\255\003\302}{section.4}% 22
\BOOKMARK [3][-]{subsubsection.4.3.1}{\376\377\003\244\003\271\000\040\003\265\003\273\003\255\003\263\003\276\003\261\003\274\003\265}{subsection.4.3}% 23
\BOOKMARK [3][-]{subsubsection.4.3.2}{\376\377\003\244\003\271\000\040\003\262\003\301\003\256\003\272\003\261\003\274\003\265}{subsection.4.3}% 24
\BOOKMARK [2][-]{subsection.4.4}{\376\377\003\232\003\261\003\304\003\267\003\263\003\277\003\301\003\257\003\261\000\040\0004\000:\000\040\003\224\003\271\003\300\003\273\003\277\003\265\003\263\003\263\003\301\003\261\003\306\003\255\003\302\000\040\000\050\000D\000u\000p\000l\000i\000c\000a\000t\000e\000s\000\051}{section.4}% 25
\BOOKMARK [3][-]{subsubsection.4.4.1}{\376\377\003\244\003\271\000\040\003\265\003\257\003\275\003\261\003\271\000\040\003\277\003\271\000\040\003\264\003\271\003\300\003\273\003\277\003\265\003\263\003\263\003\301\003\261\003\306\003\255\003\302}{subsection.4.4}% 26
\BOOKMARK [3][-]{subsubsection.4.4.2}{\376\377\003\244\003\271\000\040\003\262\003\301\003\256\003\272\003\261\003\274\003\265}{subsection.4.4}% 27
\BOOKMARK [2][-]{subsection.4.5}{\376\377\003\232\003\261\003\304\003\267\003\263\003\277\003\301\003\257\003\261\000\040\0005\000:\000\040\003\225\003\273\003\273\003\265\003\257\003\300\003\277\003\305\003\303\003\265\003\302\000\040\003\244\003\271\003\274\003\255\003\302\000\040\000\050\000M\000i\000s\000s\000i\000n\000g\000\040\000V\000a\000l\000u\000e\000s\000\051}{section.4}% 28
\BOOKMARK [3][-]{subsubsection.4.5.1}{\376\377\003\244\003\271\000\040\003\265\003\257\003\275\003\261\003\271\000\040\003\277\003\271\000\040\003\265\003\273\003\273\003\265\003\257\003\300\003\277\003\305\003\303\003\265\003\302\000\040\003\304\003\271\003\274\003\255\003\302}{subsection.4.5}% 29
\BOOKMARK [3][-]{subsubsection.4.5.2}{\376\377\003\244\003\271\000\040\003\262\003\301\003\256\003\272\003\261\003\274\003\265}{subsection.4.5}% 30
\BOOKMARK [1][-]{section.5}{\376\377\003\221\003\275\003\304\003\271\003\274\003\265\003\304\003\316\003\300\003\271\003\303\003\267\000\040\003\240\003\301\003\277\003\262\003\273\003\267\003\274\003\254\003\304\003\311\003\275}{}% 31
\BOOKMARK [2][-]{subsection.5.1}{\376\377\003\243\003\304\003\301\003\261\003\304\003\267\003\263\003\271\003\272\003\256\000\040\003\221\003\275\003\304\003\271\003\274\003\265\003\304\003\316\003\300\003\271\003\303\003\267\003\302}{section.5}% 32
\BOOKMARK [2][-]{subsection.5.2}{\376\377\003\224\003\271\003\314\003\301\003\270\003\311\003\303\003\267\000\040\003\244\003\305\003\300\003\277\003\263\003\301\003\261\003\306\003\271\003\272\003\316\003\275\000\040\003\233\003\261\003\270\003\316\003\275}{section.5}% 33
\BOOKMARK [2][-]{subsection.5.3}{\376\377\003\221\003\275\003\304\003\271\003\274\003\265\003\304\003\316\003\300\003\271\003\303\003\267\000\040\003\221\003\264\003\315\003\275\003\261\003\304\003\311\003\275\000\040\003\244\003\271\003\274\003\316\003\275}{section.5}% 34
\BOOKMARK [2][-]{subsection.5.4}{\376\377\003\221\003\306\003\261\003\257\003\301\003\265\003\303\003\267\000\040\003\224\003\271\003\300\003\273\003\277\003\265\003\263\003\263\003\301\003\261\003\306\003\316\003\275}{section.5}% 35
\BOOKMARK [2][-]{subsection.5.5}{\376\377\003\243\003\305\003\274\003\300\003\273\003\256\003\301\003\311\003\303\003\267\000\040\003\225\003\273\003\273\003\265\003\271\003\300\003\277\003\305\003\303\003\316\003\275\000\040\003\244\003\271\003\274\003\316\003\275}{section.5}% 36
\BOOKMARK [3][-]{subsubsection.5.5.1}{\376\377\003\225\003\300\003\271\003\273\003\277\003\263\003\256\000\040\003\234\003\265\003\270\003\314\003\264\003\277\003\305\000:\000\040\003\224\003\271\003\254\003\274\003\265\003\303\003\277\003\302\000\040\000\050\000M\000e\000d\000i\000a\000n\000\051}{subsection.5.5}% 37
\BOOKMARK [3][-]{subsubsection.5.5.2}{\376\377\003\223\003\271\003\261\003\304\003\257\000\040\003\261\003\275\003\254\000\040\003\304\003\315\003\300\003\277\000\040\003\272\003\301\003\261\003\303\003\271\003\277\003\315\000;}{subsection.5.5}% 38
\BOOKMARK [3][-]{subsubsection.5.5.3}{\376\377\003\245\003\273\003\277\003\300\003\277\003\257\003\267\003\303\003\267}{subsection.5.5}% 39
\BOOKMARK [1][-]{section.6}{\376\377\003\243\003\305\003\275\003\277\003\300\003\304\003\271\003\272\003\254\000\040\003\221\003\300\003\277\003\304\003\265\003\273\003\255\003\303\003\274\003\261\003\304\003\261}{}% 40
\BOOKMARK [2][-]{subsection.6.1}{\376\377\003\240\003\257\003\275\003\261\003\272\003\261\003\302\000\040\003\240\003\301\003\277\003\262\003\273\003\267\003\274\003\254\003\304\003\311\003\275\000\040\003\272\003\261\003\271\000\040\003\221\003\275\003\304\003\271\003\274\003\265\003\304\003\316\003\300\003\271\003\303\003\267\003\302}{section.6}% 41
\BOOKMARK [2][-]{subsection.6.2}{\376\377\003\234\003\265\003\304\003\261\003\262\003\277\003\273\003\256\000\040\003\234\003\265\003\263\003\255\003\270\003\277\003\305\003\302\000\040\000D\000a\000t\000a\000s\000e\000t}{section.6}% 42
\BOOKMARK [2][-]{subsection.6.3}{\376\377\003\232\003\261\003\304\003\261\003\275\003\277\003\274\003\256\000\040\003\244\003\265\003\273\003\271\003\272\003\277\003\315\000\040\000D\000a\000t\000a\000s\000e\000t}{section.6}% 43
\BOOKMARK [1][-]{section.7}{\376\377\003\243\003\305\003\274\003\300\003\265\003\301\003\254\003\303\003\274\003\261\003\304\003\261}{}% 44
\BOOKMARK [2][-]{subsection.7.1}{\376\377\003\244\003\271\000\040\003\234\003\254\003\270\003\261\003\274\003\265}{section.7}% 45
\BOOKMARK [2][-]{subsection.7.2}{\376\377\003\240\003\265\003\301\003\271\003\277\003\301\003\271\003\303\003\274\003\277\003\257}{section.7}% 46
\BOOKMARK [2][-]{subsection.7.3}{\376\377\003\225\003\300\003\314\003\274\003\265\003\275\003\261\000\040\003\222\003\256\003\274\003\261\003\304\003\261}{section.7}% 47
\BOOKMARK [1][-]{appendix.A}{\376\377\003\240\003\261\003\301\003\254\003\301\003\304\003\267\003\274\003\261\000:\000\040\003\240\003\273\003\256\003\301\003\267\003\302\000\040\003\232\003\316\003\264\003\271\003\272\003\261\003\302\000\040\000P\000y\000t\000h\000o\000n}{}% 48
